<?xml version="1.0" encoding="UTF-8"?>
<!-- Generated by org.testng.reporters.JUnitReportReporter -->
<testsuite hostname="AskyPC" failures="0" tests="1" name="testCases.TC002_LoginTest" time="4.607" errors="0" timestamp="2025-09-19T20:21:05 EDT" skipped="0">
  <testcase classname="testCases.TC002_LoginTest" name="verify_login" time="4.607"/>
</testsuite> <!-- testCases.TC002_LoginTest -->
