<?xml version="1.0" encoding="UTF-8"?>
<!-- Generated by org.testng.reporters.JUnitReportReporter -->
<testsuite hostname="AskyPC" failures="0" tests="4" name="testCases.TC003_LoginTestDataDriven" time="8.730" errors="0" timestamp="2025-09-18T02:03:39 EDT" skipped="0">
  <testcase classname="testCases.TC003_LoginTestDataDriven" name="verify_loginTDD" time="1.533"/>
  <testcase classname="testCases.TC003_LoginTestDataDriven" name="verify_loginTDD" time="1.917"/>
  <testcase classname="testCases.TC003_LoginTestDataDriven" name="verify_loginTDD" time="3.220"/>
  <testcase classname="testCases.TC003_LoginTestDataDriven" name="verify_loginTDD" time="2.060"/>
</testsuite> <!-- testCases.TC003_LoginTestDataDriven -->
