<?xml version="1.0" encoding="UTF-8"?>
<!-- Generated by org.testng.reporters.JUnitReportReporter -->
<testsuite hostname="AskyPC" failures="0" tests="1" name="pageObjects.BasePage" time="7.123" errors="0" timestamp="2025-09-03T11:21:52 EDT" skipped="0">
  <testcase classname="pageObjects.BasePage" name="sampleTest" time="7.123"/>
</testsuite> <!-- pageObjects.BasePage -->
