<?xml version="1.0" encoding="UTF-8"?>
<!-- Generated by org.testng.reporters.JUnitReportReporter -->
<testsuite hostname="AskyPC" failures="0" tests="1" name="testCases.TC001_AccountRegistrationTest" time="5.196" errors="0" timestamp="2025-09-15T21:32:42 EDT" skipped="0">
  <testcase classname="testCases.TC001_AccountRegistrationTest" name="verify_account_registration" time="5.196"/>
</testsuite> <!-- testCases.TC001_AccountRegistrationTest -->
