<?xml version="1.0" encoding="UTF-8"?>
<!-- Generated by org.testng.reporters.JUnitReportReporter -->
<testsuite hostname="AskyPC" failures="0" tests="1" name="testCases.TC002_LoginTest" time="4.435" errors="0" timestamp="2025-09-19T20:28:27 EDT" skipped="0">
  <testcase classname="testCases.TC002_LoginTest" name="verify_login" time="4.435"/>
</testsuite> <!-- testCases.TC002_LoginTest -->
